<?xml version="1.0" encoding="UTF-8"?>
<!-- Generated by org.testng.reporters.JUnitReportReporter -->
<testsuite hostname="DESKTOP-0QNH070" failures="0" tests="1" name="TestSuites.SmokeTesting" time="15.771" errors="0" timestamp="2022-05-15T15:29:10 IST" skipped="0">
  <testcase classname="TestSuites.SmokeTesting" name="testing" time="15.771"/>
  <system-out/>
</testsuite> <!-- TestSuites.SmokeTesting -->
