<?xml version="1.0" encoding="UTF-8"?>
<!-- Generated by org.testng.reporters.JUnitReportReporter -->
<testsuite hostname="DESKTOP-0QNH070" failures="0" tests="3" name="TestSuites.TestCases" time="85.446" errors="0" timestamp="2022-05-15T20:46:53 IST" skipped="0">
  <testcase classname="TestSuites.TestCases" name="hospitalNames" time="65.000"/>
  <system-out/>
  <testcase classname="TestSuites.TestCases" name="TopCities" time="4.776"/>
  <system-out/>
  <testcase classname="TestSuites.TestCases" name="CaptureAlert" time="15.670"/>
  <system-out/>
</testsuite> <!-- TestSuites.TestCases -->
